20/02/22 22:52:52 Xvnc version TightVNC-1.3.10
20/02/22 22:52:52 Copyright (C) 2000-2009 TightVNC Group
20/02/22 22:52:52 Copyright (C) 1999 AT&T Laboratories Cambridge
20/02/22 22:52:52 All Rights Reserved.
20/02/22 22:52:52 See http://www.tightvnc.com/ for information on TightVNC
20/02/22 22:52:52 Desktop name 'X' (DigitalOceanServer:2)
20/02/22 22:52:52 Protocol versions supported: 3.3, 3.7, 3.8, 3.7t, 3.8t
20/02/22 22:52:52 Listening for VNC connections on TCP port 5902
Font directory '/usr/share/fonts/X11/75dpi/' not found - ignoring
Font directory '/usr/share/fonts/X11/100dpi/' not found - ignoring
xrdb: No such file or directory
xrdb: can't open file '/root/.Xresources'
/usr/bin/startxfce4: X server already running on display :2
gpg-agent[995767]: WARNING: "--write-env-file" is an obsolete option - it has no effect
gpg-agent: a gpg-agent is already running - not starting a new one

(xfce4-session:995748): xfce4-session-WARNING **: 22:52:53.549: gpg-agent returned no PID in the variables

(xfce4-session:995748): xfce4-session-WARNING **: 22:52:53.551: xfsm_manager_load_session: Something wrong with /root/.cache/sessions/xfce4-session-DigitalOceanServer:2, Does it exist? Permissions issue?

(xfwm4:995769): xfwm4-WARNING **: 22:52:53.623: XSync extension too old (3.0).

(xfwm4:995769): xfwm4-WARNING **: 22:52:53.623: The display does not support the XRender extension.

(xfwm4:995769): xfwm4-WARNING **: 22:52:53.623: The display does not support the XRandr extension.

(xfwm4:995769): xfwm4-WARNING **: 22:52:53.623: The display does not support the XComposite extension.

(xfwm4:995769): xfwm4-WARNING **: 22:52:53.623: The display does not support the XDamage extension.

(xfwm4:995769): xfwm4-WARNING **: 22:52:53.623: The display does not support the XFixes extension.

(xfwm4:995769): xfwm4-WARNING **: 22:52:53.623: The display does not support the XPresent extension.

(xfwm4:995769): xfwm4-WARNING **: 22:52:53.623: Compositing manager disabled.
xfwm4-Message: 22:52:53.670: Unsupported keyboard modifier '<Super>Tab'

(xfwm4:995769): xfwm4-WARNING **: 22:52:53.675: Cannot find visual format on screen 0

(xfwm4:995769): xfwm4-WARNING **: 22:52:53.967: Failed to connect to session manager: Failed to connect to the session manager: IO error occured opening connection
